********************************************************************************
DUPLICATOR-LITE PACKAGE-LOG: 15 de January de 2018 13:18
NOTICE: Do NOT post to public sites or forums 
********************************************************************************
VERSION:	1.2.30
WORDPRESS:	4.9.1
PHP INFO:	5.6.31 | SAPI: apache2handler
SERVER:		Apache/2.4.27 (Win32) OpenSSL/1.1.0f PHP/5.6.31 
PHP TIME LIMIT: (0) no time limit imposed 
PHP MAX MEMORY: 2048M (128M default) 
MEMORY STACK: 31.75MB 

********************************************************************************
DATABASE:
********************************************************************************
BUILD MODE:   PHP(query limit - 100)
MYSQLTIMEOUT: 5000
MYSQLDUMP:    Not Supported 
TABLES: total:13 | filtered:0 | create:13 
FILTERED: [] 
SQL CREATED: 20171220_marcosinacioadvocacia_143a77a894044db78587180115131214_database.sql 
SQL FILE SIZE: 607.16KB (621728) 
SQL FILE TIME: 2018-01-15 13:18:47 
SQL RUNTIME: 0.84 sec. 

******************************************************************************** 
ARCHIVE (ZIP): 
******************************************************************************** 
ARCHIVE DIR:  C:/Program Files (x86)/Ampps/www/advocacia-marcos 
ARCHIVE FILE: 20171220_marcosinacioadvocacia_143a77a894044db78587180115131214_archive.zip 
FILTERS: *OFF* 
DIRS:
	not set 
FILES:
	not set 
EXTS:  not set 
---------------------------------------- 
COMPRESSING 
SIZE:	120.56MB 
STATS:	Dirs 320 | Files 2,519 
SQL ADDED: 20171220_marcosinacioadvocacia_143a77a894044db78587180115131214_database.sql 
ZipArchive Object
(
    [status] => 0
    [statusSys] => 0
    [numFiles] => 2839
    [filename] => C:\Program Files (x86)\Ampps\www\advocacia-marcos\wp-snapshots\tmp\20171220_marcosinacioadvocacia_143a77a894044db78587180115131214_archive.zip
    [comment] => 
)
 
COMPRESSION RESULT: '1' 
COMPRESSED SIZE: 83.77MB 
ARCHIVE RUNTIME: 30.70 sec. 
MEMORY STACK: 32.75MB 

******************************************************************************** 
MAKE INSTALLER: 
******************************************************************************** 
Build Start 
Build Finished 
Preping for use 
PACK SIZE:  
Template parsed with new data 
Complete [C:/Program Files (x86)/Ampps/www/advocacia-marcos/wp-snapshots/tmp/20171220_marcosinacioadvocacia_143a77a894044db78587180115131214_installer.php] 
Added to archive 

******************************************************************************** 
INTEGRITY CHECKS: 
******************************************************************************** 
SQL File: 607.16KB 
Installer File: 443.39KB 
Archive File: 83.77MB  

********************************************************************************
RECORD ID:[4]
TOTAL PROCESS RUNTIME: 32.49 sec.
PEAK PHP MEMORY USED: 35.25MB
DONE PROCESSING => 20171220_marcosinacioadvocacia 15 de January de 2018 13:19
 
